<?xml version="1.0" encoding="UTF-8"?>
<!-- Generated by org.testng.reporters.JUnitReportReporter -->
<testsuite hostname="FLPUNL5CD7" name="com.owner.FindOwnerTest" tests="2" failures="0" timestamp="11 Sep 2018 14:03:00 GMT" time="53.983" errors="0">
  <testcase name="AddOwner" time="35.081" classname="com.owner.FindOwnerTest"/>
  <testcase name="SearchOwner" time="18.902" classname="com.owner.FindOwnerTest"/>
</testsuite> <!-- com.owner.FindOwnerTest -->
