<?xml version="1.0" encoding="UTF-8"?>
<!-- Generated by org.testng.reporters.JUnitReportReporter -->
<testsuite hostname="FLPUNL5RGNYX1" name="com.owner.FindOwnerTest" tests="2" failures="0" timestamp="10 Sep 2018 12:06:20 GMT" time="59.811" errors="0">
  <testcase name="SearchOwner" time="19.432" classname="com.owner.FindOwnerTest"/>
  <testcase name="AddOwner" time="40.379" classname="com.owner.FindOwnerTest"/>
</testsuite> <!-- com.owner.FindOwnerTest -->
